eps = 1.0e-15
|k| = 6.28319
k   = (  1.6295, 0.890201,  6.00256)
d1  = (       1,      0.5)
d2  = (     0.5,        1)

r = (     0.1,      0.4,     10.1)
----- second derivative of quasi-periodic Green's function -----
d^2qG/dx^2 =-1.00627447550106e+00 -9.82486226340177e-03 I, err=12
d^2qG/dy^2 =-1.50901401189261e+00 -3.83839231070920e-01 I
d^2qG/dz^2 =-4.60462687836383e+00 +2.71868094746400e+00 I
d^2qG/dxdy =-1.20835774569976e+00 -2.12926611368780e-01 I
d^2qG/dydz =-1.85726735394594e+00 -1.20369115314243e+00 I
d^2qG/dzdx =-1.18778233869630e+00 -1.50627856965328e+00 I
----- verification of second derivative using central difference -----
d^2qG/dx^2 =-1.00627447124912e+00 -9.82486259015758e-03 I
d^2qG/dydx =-1.20835774081174e+00 -2.12926610509978e-01 I
d^2qG/dzdx =-1.18778233471062e+00 -1.50627856188024e+00 I
d^2qG/dxdy =-1.20835774386485e+00 -2.12926614118203e-01 I
d^2qG/dy^2 =-1.50901401069214e+00 -3.83839232065419e-01 I
d^2qG/dzdy =-1.85726735768554e+00 -1.20369114120500e+00 I
d^2qG/dxdz =-1.18778232832684e+00 -1.50627855660668e+00 I
d^2qG/dydz =-1.85726733797908e+00 -1.20369114259278e+00 I
d^2qG/dz^2 =-4.60462683898877e+00 +2.71868092482919e+00 I


r = (     0.1,      0.4,     0.07)
----- second derivative of quasi-periodic Green's function -----
d^2qG/dx^2 = 1.96949031834130e+00 +1.96739857609519e+00 I, err=137
d^2qG/dy^2 = 6.54478968267971e+00 +2.28274671662052e+00 I
d^2qG/dz^2 = 1.41691455971661e+00 -3.68463554248301e+00 I
d^2qG/dxdy = 3.27764626541118e+00 +1.34493006043742e+00 I
d^2qG/dydz = 7.28643117220334e-01 +7.09417035144019e-01 I
d^2qG/dzdx =-1.26991567533012e-01 +6.05217111327039e-01 I
----- verification of second derivative using central difference -----
d^2qG/dx^2 = 1.96949031860960e+00 +1.96739857627470e+00 I
d^2qG/dydx = 3.27764625440707e+00 +1.34493005982117e+00 I
d^2qG/dzdx =-1.26991569204815e-01 +6.05217112814582e-01 I
d^2qG/dxdy = 3.27764626217864e+00 +1.34493005843339e+00 I
d^2qG/dy^2 = 6.54478968131755e+00 +2.28274671387751e+00 I
d^2qG/dzdy = 7.28643114733529e-01 +7.09417034006066e-01 I
d^2qG/dxdz =-1.26991563931256e-01 +6.05217113092138e-01 I
d^2qG/dydz = 7.28643114733529e-01 +7.09417039557181e-01 I
d^2qG/dz^2 = 1.41691455901594e+00 -3.68463554667464e+00 I
