eps = 1.0e-15
|k| = 6.28319
k   = (  1.6295, 0.890201,  6.00256)
d1  = (       1,      0.5)
d2  = (     0.5,        1)

r = (     0.1,      0.4,     10.1)
----- normal_sum -----
sum_{l1=-l}^{l} sum_{l2=-l}^{l} f_{l1,l2}(r)
l= 2000
qG    = 1.81313586328456e-01 -5.86618021005358e-02 I
dqG/dx=-2.78781091277035e-01 +2.93169665688489e-01 I
dqG/dy=-2.30818079809667e-01 +4.05931304320405e-01 I
dqG/dz= 4.09290300887260e-01 +9.05592407195939e-01 I
l= 4000
qG    = 1.79862963338845e-01 -6.24128240882222e-02 I
dqG/dx=-2.74335041141213e-01 +2.67218083954103e-01 I
dqG/dy=-2.25845698820683e-01 +4.17096624660768e-01 I
dqG/dz= 4.09362166779535e-01 +9.05551439255902e-01 I
----- Fourier domain summation -----
qG    = 1.80349563072955e-01 -5.88933649122010e-02 I, err=12
dqG/dx=-2.74721236485362e-01 +2.73343612777983e-01 I
dqG/dy=-2.31181299138703e-01 +4.06676267286691e-01 I
dqG/dz= 4.09288396456113e-01 +9.05564585277773e-01 I
----- Ewald method -----
qG    = 1.80349563072954e-01 -5.88933649122008e-02 I, err=160
dqG/dx=-2.74721236485362e-01 +2.73343612777983e-01 I
dqG/dy=-2.31181299138704e-01 +4.06676267286691e-01 I
dqG/dz= 4.09288396456112e-01 +9.05564585277772e-01 I
----- Auto -----
qG    = 1.80349563072955e-01 -5.88933649122010e-02 I, err=12
dqG/dx=-2.74721236485362e-01 +2.73343612777983e-01 I
dqG/dy=-2.31181299138703e-01 +4.06676267286691e-01 I
dqG/dz= 4.09288396456113e-01 +9.05564585277773e-01 I


r = (     0.1,      0.4,     0.07)
----- normal_sum -----
sum_{l1=-l}^{l} sum_{l2=-l}^{l} f_{l1,l2}(r)
l= 2000
qG    =-2.50613411570676e-01 -1.42263257848028e-02 I
dqG/dx= 6.27618647842853e-01 +4.99113737388902e-02 I
dqG/dy= 1.54457172856788e-01 -1.98521968809252e-01 I
dqG/dz= 8.32720788024971e-02 -2.75648249335672e-01 I
l= 4000
qG    =-2.52414225188848e-01 -1.77578804425019e-02 I
dqG/dx= 6.27045005239693e-01 +2.38404795019775e-02 I
dqG/dy= 1.61123347970669e-01 -1.87706342892094e-01 I
dqG/dz= 8.32725422153530e-02 -2.75648567447997e-01 I
----- Fourier domain summation -----
qG    =-2.51560096969072e-01 -1.43245293137148e-02 I, err=5138
dqG/dx= 6.27423859719816e-01 +2.98479709224339e-02 I
dqG/dy= 1.54615748023158e-01 -1.97573054193954e-01 I
dqG/dz= 8.32720456110484e-02 -2.75648422493462e-01 I
----- Ewald method -----
qG    =-2.51560096969071e-01 -1.43245293137150e-02 I, err=121
dqG/dx= 6.27423859719818e-01 +2.98479709224335e-02 I
dqG/dy= 1.54615748023157e-01 -1.97573054193954e-01 I
dqG/dz= 8.32720456110480e-02 -2.75648422493462e-01 I
----- Auto -----
qG    =-2.51560096969071e-01 -1.43245293137150e-02 I, err=121
dqG/dx= 6.27423859719818e-01 +2.98479709224335e-02 I
dqG/dy= 1.54615748023157e-01 -1.97573054193954e-01 I
dqG/dz= 8.32720456110480e-02 -2.75648422493462e-01 I
